<?xml version="1.0" encoding="UTF-8"?>
<!-- Generated by org.testng.reporters.JUnitXMLReporter -->
<testsuite hostname="LAPTOP-HTS2ODAM" ignored="0" name="Test" tests="1" failures="1" timestamp="10 Oct 2018 03:14:39 GMT" time="1.114" errors="0">
  <testcase name="feature" time="0.051" classname="cucumber.api.testng.AbstractTestNGCucumberTests">
    <failure type="java.lang.IndexOutOfBoundsException" message="Index: 7, Size: 7">
      <![CDATA[java.lang.IndexOutOfBoundsException: Index: 7, Size: 7
at java.util.ArrayList.rangeCheck(ArrayList.java:657)
at java.util.ArrayList.get(ArrayList.java:433)
at cucumber.runtime.model.CucumberScenarioOutline.replaceTokens(CucumberScenarioOutline.java:117)
at cucumber.runtime.model.CucumberScenarioOutline.createExampleScenario(CucumberScenarioOutline.java:57)
at cucumber.runtime.model.CucumberExamples.createExampleScenarios(CucumberExamples.java:28)
at cucumber.runtime.model.CucumberScenarioOutline.run(CucumberScenarioOutline.java:44)
at cucumber.runtime.model.CucumberFeature.run(CucumberFeature.java:165)
at cucumber.api.testng.TestNGCucumberRunner.runCucumber(TestNGCucumberRunner.java:63)
at cucumber.api.testng.AbstractTestNGCucumberTests.feature(AbstractTestNGCucumberTests.java:21)
... Removed 28 stack frames]]>
    </failure>
  </testcase> <!-- feature -->
</testsuite> <!-- Test -->
